<?xml version="1.0" encoding="UTF-8"?><testsuite errors="0" failures="0" name="com.bestbuyApi.bestBuyTest.CategoriesTest" skipped="0" tests="5" time="8.69" timestamp="2022-06-07T21:10:09.450+01:00[Europe/London]"><testcase classname="com.bestbuyApi.bestBuyTest.CategoriesTest" name="This will get all the categories"/><testcase classname="com.bestbuyApi.bestBuyTest.CategoriesTest" name="This will create new categories"/><testcase classname="com.bestbuyApi.bestBuyTest.CategoriesTest" name="Verify if categories is created"/><testcase classname="com.bestbuyApi.bestBuyTest.CategoriesTest" name="Update the information and verify if it is updated"/><testcase classname="com.bestbuyApi.bestBuyTest.CategoriesTest" name="Deleting categories and verify if it is deleted"/></testsuite>