<?xml version="1.0" encoding="UTF-8"?><testsuite errors="0" failures="0" name="com.bestbuyApi.bestBuyTest.ProductsTest" skipped="0" tests="5" time="1.89" timestamp="2022-06-07T20:52:18.759+01:00[Europe/London]"><testcase classname="com.bestbuyApi.bestBuyTest.ProductsTest" name="This will get all products list"/><testcase classname="com.bestbuyApi.bestBuyTest.ProductsTest" name="This will create a new product"/><testcase classname="com.bestbuyApi.bestBuyTest.ProductsTest" name="verify if Product is created"/><testcase classname="com.bestbuyApi.bestBuyTest.ProductsTest" name="Update the product information and verify the updated information"/><testcase classname="com.bestbuyApi.bestBuyTest.ProductsTest" name="Delete the product and verify if the product is deleted"/></testsuite>