<?xml version="1.0" encoding="UTF-8"?><testsuite errors="0" failures="0" name="com.bestbuyApi.bestBuyTest.StoresTest" skipped="0" tests="5" time="0.46" timestamp="2022-06-07T20:52:21.446+01:00[Europe/London]"><testcase classname="com.bestbuyApi.bestBuyTest.StoresTest" name="This will get all the stores"/><testcase classname="com.bestbuyApi.bestBuyTest.StoresTest" name="This will create a new stores"/><testcase classname="com.bestbuyApi.bestBuyTest.StoresTest" name="Verify if the information was added to store"/><testcase classname="com.bestbuyApi.bestBuyTest.StoresTest" name="Update the stores information and verify the updated information"/><testcase classname="com.bestbuyApi.bestBuyTest.StoresTest" name="Delete the store and verify the store is deleted"/></testsuite>